displayingBitmaps/build/outputs/logs/manifest-merger-debug-report.txt
-- Merging decision tree log ---
manifest
ADDED from src/main/AndroidManifest.xml:17:1-56:12
	package
		ADDED from src/main/AndroidManifest.xml:18:3-50
	android:versionName
		ADDED from src/main/AndroidManifest.xml:20:3-28
		INJECTED from src/main/AndroidManifest.xml
		INJECTED from src/main/AndroidManifest.xml
	android:versionCode
		ADDED from src/main/AndroidManifest.xml:19:3-26
		INJECTED from src/main/AndroidManifest.xml
		INJECTED from src/main/AndroidManifest.xml
	xmlns:android
		ADDED from src/main/AndroidManifest.xml:17:11-69
uses-permission#android.permission.INTERNET
ADDED from src/main/AndroidManifest.xml:24:3-65
	android:name
		ADDED from src/main/AndroidManifest.xml:24:20-62
uses-permission#android.permission.WRITE_EXTERNAL_STORAGE
ADDED from src/main/AndroidManifest.xml:25:3-79
	android:name
		ADDED from src/main/AndroidManifest.xml:25:20-76
uses-permission#android.permission.ACCESS_NETWORK_STATE
ADDED from src/main/AndroidManifest.xml:26:3-77
	android:name
		ADDED from src/main/AndroidManifest.xml:26:20-74
application
ADDED from src/main/AndroidManifest.xml:28:3-54:17
MERGED from [com.android.support:gridlayout-v7:23.3.0] AndroidManifest.xml:22:5-20
MERGED from [com.android.support:support-v4:23.3.0] AndroidManifest.xml:22:5-20
MERGED from [com.android.support:cardview-v7:23.3.0] AndroidManifest.xml:22:5-20
	android:label
		ADDED from src/main/AndroidManifest.xml:32:5-37
	android:allowBackup
		ADDED from src/main/AndroidManifest.xml:29:5-31
	android:icon
		ADDED from src/main/AndroidManifest.xml:31:5-41
	android:description
		ADDED from src/main/AndroidManifest.xml:30:5-48
	android:theme
		ADDED from src/main/AndroidManifest.xml:33:5-40
activity#com.example.android.displayingbitmaps.ui.ImageGridActivity
ADDED from src/main/AndroidManifest.xml:35:5-42:16
	android:label
		ADDED from src/main/AndroidManifest.xml:37:7-39
	android:name
		ADDED from src/main/AndroidManifest.xml:36:7-43
intent-filter#android.intent.action.MAIN+android.intent.category.LAUNCHER
ADDED from src/main/AndroidManifest.xml:38:7-41:23
action#android.intent.action.MAIN
ADDED from src/main/AndroidManifest.xml:39:9-61
	android:name
		ADDED from src/main/AndroidManifest.xml:39:17-58
category#android.intent.category.LAUNCHER
ADDED from src/main/AndroidManifest.xml:40:9-69
	android:name
		ADDED from src/main/AndroidManifest.xml:40:19-66
activity#com.example.android.displayingbitmaps.ui.ImageDetailActivity
ADDED from src/main/AndroidManifest.xml:44:5-52:16
	android:label
		ADDED from src/main/AndroidManifest.xml:46:7-39
	android:parentActivityName
		ADDED from src/main/AndroidManifest.xml:47:7-57
	android:theme
		ADDED from src/main/AndroidManifest.xml:48:7-53
	android:name
		ADDED from src/main/AndroidManifest.xml:45:7-45
meta-data#android.support.PARENT_ACTIVITY
ADDED from src/main/AndroidManifest.xml:49:7-51:49
	android:value
		ADDED from src/main/AndroidManifest.xml:51:9-46
	android:name
		ADDED from src/main/AndroidManifest.xml:50:9-55
uses-sdk
INJECTED from src/main/AndroidManifest.xml reason: use-sdk injection requested
MERGED from [com.android.support:gridlayout-v7:23.3.0] AndroidManifest.xml:20:5-43
MERGED from [com.android.support:support-v4:23.3.0] AndroidManifest.xml:20:5-43
MERGED from [com.android.support:cardview-v7:23.3.0] AndroidManifest.xml:20:5-43
	android:targetSdkVersion
		INJECTED from src/main/AndroidManifest.xml
		INJECTED from src/main/AndroidManifest.xml
	android:minSdkVersion
		INJECTED from src/main/AndroidManifest.xml
		INJECTED from src/main/AndroidManifest.xml